\BOOKMARK [1][-]{section.1}{\376\377\000I\000n\000t\000r\000o\000d\000u\000c\000t\000i\000o\000n}{}% 1
\BOOKMARK [2][-]{subsection.1.1}{\376\377\000M\000o\000t\000i\000v\000a\000t\000i\000o\000n}{section.1}% 2
\BOOKMARK [2][-]{subsection.1.2}{\376\377\000R\000e\000s\000e\000a\000r\000c\000h\000\040\000Q\000u\000e\000s\000t\000i\000o\000n\000s}{section.1}% 3
\BOOKMARK [2][-]{subsection.1.3}{\376\377\000C\000o\000d\000e\000m\000i\000l\000l}{section.1}% 4
\BOOKMARK [2][-]{subsection.1.4}{\376\377\000R\000e\000l\000a\000t\000e\000d\000\040\000W\000o\000r\000k}{section.1}% 5
\BOOKMARK [2][-]{subsection.1.5}{\376\377\000S\000t\000r\000u\000c\000t\000u\000r\000e}{section.1}% 6
\BOOKMARK [1][-]{section.2}{\376\377\000T\000h\000e\000o\000r\000e\000t\000i\000c\000a\000l\000\040\000F\000o\000u\000n\000d\000a\000t\000i\000o\000n\000\040\000o\000f\000\040\000C\000o\000l\000o\000u\000r}{}% 7
\BOOKMARK [2][-]{subsection.2.1}{\376\377\000C\000o\000l\000o\000u\000r\000\040\000C\000o\000r\000r\000e\000c\000t\000i\000o\000n\000\040\000a\000n\000d\000\040\000C\000o\000l\000o\000u\000r\000\040\000G\000r\000a\000d\000i\000n\000g}{section.2}% 8
\BOOKMARK [2][-]{subsection.2.2}{\376\377\000E\000f\000f\000e\000c\000t\000s\000\040\000o\000f\000\040\000D\000i\000f\000f\000e\000r\000e\000n\000t\000\040\000C\000o\000l\000o\000u\000r\000s}{section.2}% 9
\BOOKMARK [2][-]{subsection.2.3}{\376\377\000R\000G\000B\000\040\000C\000o\000l\000o\000u\000r\000\040\000R\000e\000p\000r\000e\000s\000e\000n\000t\000a\000t\000i\000o\000n}{section.2}% 10
\BOOKMARK [2][-]{subsection.2.4}{\376\377\000C\000o\000m\000p\000a\000r\000i\000s\000o\000n\000\040\000o\000f\000\040\000D\000i\000f\000f\000e\000r\000e\000n\000t\000\040\000C\000o\000l\000o\000u\000r\000\040\000S\000a\000t\000u\000r\000a\000t\000i\000o\000n\000s\000\040\000w\000i\000t\000h\000\040\000G\000I\000M\000P}{section.2}% 11
\BOOKMARK [1][-]{section.3}{\376\377\000T\000e\000c\000h\000n\000i\000c\000a\000l\000\040\000B\000a\000c\000k\000g\000r\000o\000u\000n\000d}{}% 12
\BOOKMARK [2][-]{subsection.3.1}{\376\377\000M\000e\000l\000t}{section.3}% 13
\BOOKMARK [2][-]{subsection.3.2}{\376\377\000O\000v\000e\000r\000v\000i\000e\000w\000\040\000o\000f\000\040\000V\000i\000d\000e\000o\000\040\000S\000t\000r\000e\000a\000m\000i\000n\000g\000\040\000C\000o\000m\000p\000o\000n\000e\000n\000t\000s}{section.3}% 14
\BOOKMARK [2][-]{subsection.3.3}{\376\377\000O\000v\000e\000r\000v\000i\000e\000w\000\040\000o\000f\000\040\000A\000d\000d\000i\000t\000i\000o\000n\000a\000l\000\040\000C\000o\000m\000p\000o\000n\000e\000n\000t\000s}{section.3}% 15
\BOOKMARK [2][-]{subsection.3.4}{\376\377\000P\000r\000o\000t\000o\000c\000o\000l\000\040\000B\000u\000f\000f\000e\000r}{section.3}% 16
\BOOKMARK [1][-]{section.4}{\376\377\000S\000y\000s\000t\000e\000m\000\040\000R\000e\000q\000u\000i\000r\000e\000m\000e\000n\000t\000s\000\040\000a\000n\000d\000\040\000S\000p\000e\000c\000i\000f\000i\000c\000a\000t\000i\000o\000n\000s}{}% 17
\BOOKMARK [2][-]{subsection.4.1}{\376\377\000T\000e\000c\000h\000n\000i\000c\000a\000l\000\040\000R\000e\000q\000u\000i\000r\000e\000m\000e\000n\000t\000s}{section.4}% 18
\BOOKMARK [2][-]{subsection.4.2}{\376\377\000E\000x\000e\000c\000u\000t\000i\000o\000n\000\040\000o\000f\000\040\000t\000h\000e\000\040\000C\000o\000d\000e}{section.4}% 19
\BOOKMARK [1][-]{section.5}{\376\377\000D\000e\000s\000i\000g\000n\000\040\000a\000n\000d\000\040\000I\000m\000p\000l\000e\000m\000e\000n\000t\000a\000t\000i\000o\000n}{}% 20
\BOOKMARK [2][-]{subsection.5.1}{\376\377\000A\000r\000c\000h\000i\000t\000e\000c\000t\000u\000r\000e\000\040\000D\000e\000s\000i\000g\000n}{section.5}% 21
\BOOKMARK [2][-]{subsection.5.2}{\376\377\000A\000c\000c\000u\000r\000a\000t\000e\000\040\000V\000i\000d\000e\000o}{section.5}% 22
\BOOKMARK [2][-]{subsection.5.3}{\376\377\000J\000I\000T\000-\000W\000e\000b\000R\000T\000C}{section.5}% 23
\BOOKMARK [2][-]{subsection.5.4}{\376\377\000M\000e\000l\000t\000\040\000F\000i\000l\000t\000e\000r\000\040\000C\000o\000m\000p\000a\000r\000i\000s\000o\000n}{section.5}% 24
\BOOKMARK [2][-]{subsection.5.5}{\376\377\000I\000m\000p\000l\000e\000m\000e\000n\000t\000a\000t\000i\000o\000n}{section.5}% 25
\BOOKMARK [1][-]{section.6}{\376\377\000C\000o\000m\000p\000a\000r\000i\000s\000o\000n\000\040\000o\000f\000\040\000V\000i\000d\000e\000o\000\040\000C\000o\000l\000o\000u\000r\000\040\000G\000r\000a\000d\000i\000n\000g\000\040\000R\000e\000s\000u\000l\000t\000s}{}% 26
\BOOKMARK [2][-]{subsection.6.1}{\376\377\000C\000o\000m\000p\000a\000r\000i\000s\000o\000n\000\040\000w\000i\000t\000h\000\040\000t\000h\000e\000\040\000M\000e\000l\000t\000\040\000F\000r\000a\000m\000e\000w\000o\000r\000k}{section.6}% 27
\BOOKMARK [2][-]{subsection.6.2}{\376\377\000C\000o\000m\000p\000a\000r\000i\000s\000o\000n\000\040\000w\000i\000t\000h\000\040\000K\000D\000E\000N\000\040\000L\000i\000v\000e}{section.6}% 28
\BOOKMARK [2][-]{subsection.6.3}{\376\377\000C\000o\000n\000c\000l\000u\000s\000i\000o\000n\000\040\000o\000f\000\040\000t\000h\000e\000\040\000F\000i\000l\000t\000e\000r\000\040\000C\000o\000m\000p\000a\000r\000i\000s\000o\000n}{section.6}% 29
\BOOKMARK [1][-]{section.7}{\376\377\000C\000o\000n\000c\000l\000u\000s\000i\000o\000n}{}% 30
\BOOKMARK [2][-]{subsection.7.1}{\376\377\000S\000u\000m\000m\000a\000r\000y}{section.7}% 31
\BOOKMARK [2][-]{subsection.7.2}{\376\377\000C\000o\000n\000t\000r\000i\000b\000u\000t\000i\000o\000n\000s\000\040\000a\000n\000d\000\040\000L\000i\000m\000i\000t\000a\000t\000i\000o\000n\000s}{section.7}% 32
\BOOKMARK [2][-]{subsection.7.3}{\376\377\000F\000u\000t\000u\000r\000e\000\040\000W\000o\000r\000k}{section.7}% 33
\BOOKMARK [1][-]{section*.82}{\376\377\000L\000i\000s\000t\000\040\000o\000f\000\040\000F\000i\000g\000u\000r\000e\000s}{}% 34
\BOOKMARK [1][-]{section*.83}{\376\377\000L\000i\000s\000t\000\040\000o\000f\000\040\000T\000a\000b\000l\000e\000s}{}% 35
\BOOKMARK [1][-]{section*.83}{\376\377\000R\000e\000f\000e\000r\000e\000n\000c\000e\000s}{}% 36
\BOOKMARK [1][-]{appendix.A}{\376\377\000R\000E\000A\000D\000M\000E}{}% 37
\BOOKMARK [2][-]{subsection.A.1}{\376\377\000A\000c\000c\000u\000r\000a\000t\000e\000-\000P\000l\000a\000y\000e\000r\000-\0003}{appendix.A}% 38
\BOOKMARK [2][-]{subsection.A.2}{\376\377\000J\000I\000T\000-\000W\000e\000b\000R\000T\000C}{appendix.A}% 39
\BOOKMARK [1][-]{appendix.B}{\376\377\000C\000o\000m\000p\000a\000r\000i\000s\000o\000n\000\040\000o\000n\000\040\000a\000l\000l\000\040\000C\000o\000l\000o\000u\000r\000\040\000C\000h\000a\000n\000n\000e\000l\000s}{}% 40
\BOOKMARK [1][-]{appendix.C}{\376\377\000D\000i\000f\000f\000e\000r\000e\000n\000t\000\040\000M\000e\000l\000t\000\040\000F\000i\000l\000t\000e\000r\000s}{}% 41
